{
  "0 debug pnpm:scope": {
    "selected": 1
  },
  "1 debug pnpm:package-manifest": {
    "initial": {
      "name": "my-vue-base",
      "version": "0.1.0",
      "private": true,
      "scripts": {
        "serve": "vue-cli-service serve",
        "build": "vue-cli-service build",
        "lint": "vue-cli-service lint"
      },
      "dependencies": {
        "axios": "^0.19.2",
        "babel-polyfill": "^6.26.0",
        "core-js": "^3.6.5",
        "register-service-worker": "^1.7.1",
        "vue": "^2.6.11",
        "vue-router": "^3.2.0",
        "vuex": "^3.4.0"
      },
      "devDependencies": {
        "@vue/cli-plugin-babel": "~4.4.0",
        "@vue/cli-plugin-eslint": "~4.4.0",
        "@vue/cli-plugin-pwa": "~4.4.0",
        "@vue/cli-plugin-router": "~4.4.0",
        "@vue/cli-plugin-vuex": "~4.4.0",
        "@vue/cli-service": "~4.4.0",
        "@vue/eslint-config-prettier": "^6.0.0",
        "babel-eslint": "^10.1.0",
        "compression-webpack-plugin": "^4.0.0",
        "eslint": "^6.7.2",
        "eslint-plugin-prettier": "^3.1.3",
        "eslint-plugin-vue": "^6.2.2",
        "less": "^3.0.4",
        "less-loader": "^5.0.0",
        "prettier": "^1.19.1",
        "uglifyjs-webpack-plugin": "^2.2.0",
        "vue-template-compiler": "^2.6.11"
      }
    },
    "prefix": "D:\\project\\my-vue-base"
  },
  "2 debug pnpm:context": {
    "currentLockfileExists": false,
    "storeDir": "D:\\.pnpm-store\\v3",
    "virtualStoreDir": "D:\\project\\my-vue-base\\node_modules\\.pnpm"
  },
  "3 debug pnpm:stage": {
    "prefix": "D:\\project\\my-vue-base",
    "stage": "resolution_started"
  },
  "4 debug pnpm:request-retry": {
    "attempt": 1,
    "error": {
      "type": "system",
      "errno": "ETIMEDOUT",
      "code": "ETIMEDOUT",
      "erroredSysCall": "connect"
    },
    "maxRetries": 2,
    "method": "GET",
    "timeout": 10000,
    "url": "https://registry.npmjs.org/@vue%2Fcli-plugin-pwa"
  },
  "5 debug pnpm:request-retry": {
    "attempt": 1,
    "error": {
      "type": "system",
      "errno": "ETIMEDOUT",
      "code": "ETIMEDOUT",
      "erroredSysCall": "connect"
    },
    "maxRetries": 2,
    "method": "GET",
    "timeout": 10000,
    "url": "https://registry.npmjs.org/@vue%2Fcli-plugin-router"
  },
  "6 debug pnpm:request-retry": {
    "attempt": 1,
    "error": {
      "type": "system",
      "errno": "ETIMEDOUT",
      "code": "ETIMEDOUT",
      "erroredSysCall": "connect"
    },
    "maxRetries": 2,
    "method": "GET",
    "timeout": 10000,
    "url": "https://registry.npmjs.org/@vue%2Feslint-config-prettier"
  },
  "7 debug pnpm:request-retry": {
    "attempt": 1,
    "error": {
      "type": "system",
      "errno": "ETIMEDOUT",
      "code": "ETIMEDOUT",
      "erroredSysCall": "connect"
    },
    "maxRetries": 2,
    "method": "GET",
    "timeout": 10000,
    "url": "https://registry.npmjs.org/@vue%2Fcli-service"
  },
  "8 debug pnpm:request-retry": {
    "attempt": 1,
    "error": {
      "type": "system",
      "errno": "ETIMEDOUT",
      "code": "ETIMEDOUT",
      "erroredSysCall": "connect"
    },
    "maxRetries": 2,
    "method": "GET",
    "timeout": 10000,
    "url": "https://registry.npmjs.org/compression-webpack-plugin"
  },
  "9 debug pnpm:request-retry": {
    "attempt": 1,
    "error": {
      "type": "system",
      "errno": "ETIMEDOUT",
      "code": "ETIMEDOUT",
      "erroredSysCall": "connect"
    },
    "maxRetries": 2,
    "method": "GET",
    "timeout": 10000,
    "url": "https://registry.npmjs.org/eslint-plugin-vue"
  },
  "10 debug pnpm:request-retry": {
    "attempt": 1,
    "error": {
      "type": "system",
      "errno": "ETIMEDOUT",
      "code": "ETIMEDOUT",
      "erroredSysCall": "connect"
    },
    "maxRetries": 2,
    "method": "GET",
    "timeout": 10000,
    "url": "https://registry.npmjs.org/eslint"
  },
  "11 debug pnpm:request-retry": {
    "attempt": 1,
    "error": {
      "type": "system",
      "errno": "ETIMEDOUT",
      "code": "ETIMEDOUT",
      "erroredSysCall": "connect"
    },
    "maxRetries": 2,
    "method": "GET",
    "timeout": 10000,
    "url": "https://registry.npmjs.org/@vue%2Fcli-plugin-babel"
  },
  "12 debug pnpm:request-retry": {
    "attempt": 1,
    "error": {
      "type": "system",
      "errno": "ETIMEDOUT",
      "code": "ETIMEDOUT",
      "erroredSysCall": "connect"
    },
    "maxRetries": 2,
    "method": "GET",
    "timeout": 10000,
    "url": "https://registry.npmjs.org/@vue%2Fcli-plugin-eslint"
  },
  "13 debug pnpm:request-retry": {
    "attempt": 1,
    "error": {
      "type": "system",
      "errno": "ETIMEDOUT",
      "code": "ETIMEDOUT",
      "erroredSysCall": "connect"
    },
    "maxRetries": 2,
    "method": "GET",
    "timeout": 10000,
    "url": "https://registry.npmjs.org/less"
  },
  "14 debug pnpm:request-retry": {
    "attempt": 1,
    "error": {
      "type": "system",
      "errno": "ETIMEDOUT",
      "code": "ETIMEDOUT",
      "erroredSysCall": "connect"
    },
    "maxRetries": 2,
    "method": "GET",
    "timeout": 10000,
    "url": "https://registry.npmjs.org/eslint-plugin-prettier"
  },
  "15 debug pnpm:request-retry": {
    "attempt": 1,
    "error": {
      "type": "system",
      "errno": "ETIMEDOUT",
      "code": "ETIMEDOUT",
      "erroredSysCall": "connect"
    },
    "maxRetries": 2,
    "method": "GET",
    "timeout": 10000,
    "url": "https://registry.npmjs.org/@vue%2Fcli-plugin-vuex"
  },
  "16 debug pnpm:request-retry": {
    "attempt": 1,
    "error": {
      "type": "system",
      "errno": "ETIMEDOUT",
      "code": "ETIMEDOUT",
      "erroredSysCall": "connect"
    },
    "maxRetries": 2,
    "method": "GET",
    "timeout": 10000,
    "url": "https://registry.npmjs.org/babel-eslint"
  },
  "17 debug pnpm:request-retry": {
    "attempt": 1,
    "error": {
      "type": "system",
      "errno": "ETIMEDOUT",
      "code": "ETIMEDOUT",
      "erroredSysCall": "connect"
    },
    "maxRetries": 2,
    "method": "GET",
    "timeout": 10000,
    "url": "https://registry.npmjs.org/less-loader"
  },
  "18 debug pnpm:request-retry": {
    "attempt": 1,
    "error": {
      "type": "system",
      "errno": "ETIMEDOUT",
      "code": "ETIMEDOUT",
      "erroredSysCall": "connect"
    },
    "maxRetries": 2,
    "method": "GET",
    "timeout": 10000,
    "url": "https://registry.npmjs.org/prettier"
  },
  "19 debug pnpm:request-retry": {
    "attempt": 1,
    "error": {
      "type": "system",
      "errno": "ETIMEDOUT",
      "code": "ETIMEDOUT",
      "erroredSysCall": "connect"
    },
    "maxRetries": 2,
    "method": "GET",
    "timeout": 10000,
    "url": "https://registry.npmjs.org/uglifyjs-webpack-plugin"
  },
  "20 error pnpm": {
    "code": "ERR_PNPM_META_FETCH_FAIL",
    "attempts": 1,
    "err": {
      "name": "Error",
      "message": "GET https://registry.npmjs.org/pnpm: request to https://registry.npmjs.org/pnpm failed, reason: connect ETIMEDOUT 104.16.18.35:443",
      "code": "ERR_PNPM_META_FETCH_FAIL",
      "stack": "Error: GET https://registry.npmjs.org/pnpm: request to https://registry.npmjs.org/pnpm failed, reason: connect ETIMEDOUT 104.16.18.35:443\n    at RetryOperation._fn (C:\\Users\\liujinxiao\\AppData\\Roaming\\nvm\\v16.12.0\\node_modules\\pnpm\\dist\\pnpm.cjs:84876:18)\n    at processTicksAndRejections (node:internal/process/task_queues:96:5)"
    }
  },
  "21 debug pnpm": "Using cached meta from C:\\Users\\liujinxiao\\AppData\\Local\\pnpm-cache\\metadata\\registry.npmjs.org\\pnpm.json",
  "22 debug pnpm:update-check": {
    "currentVersion": "6.20.4",
    "latestVersion": "6.20.4"
  },
  "23 debug pnpm:request-retry": {
    "attempt": 2,
    "error": {
      "type": "system",
      "errno": "ETIMEDOUT",
      "code": "ETIMEDOUT",
      "erroredSysCall": "connect"
    },
    "maxRetries": 2,
    "method": "GET",
    "timeout": 60000,
    "url": "https://registry.npmjs.org/uglifyjs-webpack-plugin"
  },
  "24 debug pnpm:request-retry": {
    "attempt": 2,
    "error": {
      "type": "system",
      "errno": "ETIMEDOUT",
      "code": "ETIMEDOUT",
      "erroredSysCall": "connect"
    },
    "maxRetries": 2,
    "method": "GET",
    "timeout": 60000,
    "url": "https://registry.npmjs.org/@vue%2Fcli-service"
  },
  "25 debug pnpm:request-retry": {
    "attempt": 2,
    "error": {
      "type": "system",
      "errno": "ETIMEDOUT",
      "code": "ETIMEDOUT",
      "erroredSysCall": "connect"
    },
    "maxRetries": 2,
    "method": "GET",
    "timeout": 60000,
    "url": "https://registry.npmjs.org/eslint"
  },
  "26 debug pnpm:request-retry": {
    "attempt": 2,
    "error": {
      "type": "system",
      "errno": "ETIMEDOUT",
      "code": "ETIMEDOUT",
      "erroredSysCall": "connect"
    },
    "maxRetries": 2,
    "method": "GET",
    "timeout": 60000,
    "url": "https://registry.npmjs.org/less"
  },
  "27 debug pnpm:request-retry": {
    "attempt": 2,
    "error": {
      "type": "system",
      "errno": "ETIMEDOUT",
      "code": "ETIMEDOUT",
      "erroredSysCall": "connect"
    },
    "maxRetries": 2,
    "method": "GET",
    "timeout": 60000,
    "url": "https://registry.npmjs.org/@vue%2Fcli-plugin-babel"
  },
  "28 error pnpm": {
    "code": "ERR_PNPM_META_FETCH_FAIL",
    "attempts": 1,
    "pkgsStack": [],
    "err": {
      "name": "pnpm",
      "message": "GET https://registry.npmjs.org/uglifyjs-webpack-plugin: request to https://registry.npmjs.org/uglifyjs-webpack-plugin failed, reason: connect ETIMEDOUT 104.16.18.35:443",
      "code": "ERR_PNPM_META_FETCH_FAIL",
      "stack": "pnpm: GET https://registry.npmjs.org/uglifyjs-webpack-plugin: request to https://registry.npmjs.org/uglifyjs-webpack-plugin failed, reason: connect ETIMEDOUT 104.16.18.35:443\n    at RetryOperation._fn (C:\\Users\\liujinxiao\\AppData\\Roaming\\nvm\\v16.12.0\\node_modules\\pnpm\\dist\\pnpm.cjs:84876:18)\n    at processTicksAndRejections (node:internal/process/task_queues:96:5)"
    }
  }
}